<?xml version="1.0" encoding="UTF-8"?>
<!-- Generated by org.testng.reporters.JUnitReportReporter -->
<testsuite hostname="DESKTOP-DPFLVVJ" failures="0" tests="1" name="variousConcept.LearnTestNG" time="4.496" errors="0" timestamp="2022-07-21T23:58:02 CDT" skipped="0">
  <testcase classname="variousConcept.LearnTestNG" name="loginTestNG" time="4.496"/>
  <system-out/>
</testsuite> <!-- variousConcept.LearnTestNG -->
