<?xml version="1.0" encoding="UTF-8"?>
<!-- Generated by org.testng.reporters.JUnitReportReporter -->
<testsuite hostname="DESKTOP-S6DQFUU" failures="0" tests="1" name="variousConcept.CopyLearnTestNG" time="9.802" errors="0" timestamp="2022-07-09T17:02:18 CDT" skipped="0">
  <testcase classname="variousConcept.CopyLearnTestNG" name="addcustomer" time="9.802"/>
  <system-out/>
</testsuite> <!-- variousConcept.CopyLearnTestNG -->
