<?xml version="1.0" encoding="UTF-8"?>
<!-- Generated by org.testng.reporters.JUnitReportReporter -->
<testsuite hostname="DESKTOP-S6DQFUU" failures="0" tests="1" name="variousConcept.ClassForHowtoUseConfig" time="6.091" errors="0" timestamp="2022-07-09T17:01:43 CDT" skipped="0">
  <testcase classname="variousConcept.ClassForHowtoUseConfig" name="loginTest" time="6.091"/>
  <system-out/>
</testsuite> <!-- variousConcept.ClassForHowtoUseConfig -->
