<?xml version="1.0" encoding="UTF-8"?>
<!-- Generated by org.testng.reporters.JUnitReportReporter -->
<testsuite hostname="DESKTOP-S6DQFUU" failures="0" tests="1" name="variousConcept.LearnTestNGwithFirefox$LearnTestNG" time="7.684" errors="0" timestamp="2022-07-07T23:28:26 CDT" skipped="0">
  <testcase classname="variousConcept.LearnTestNGwithFirefox$LearnTestNG" name="loginTest" time="7.684"/>
  <system-out/>
</testsuite> <!-- variousConcept.LearnTestNGwithFirefox$LearnTestNG -->
